<?xml version="1.0" encoding="UTF-8"?>
<!-- Generated by org.testng.reporters.JUnitReportReporter -->
<testsuite hostname="LAPTOP-J1D6NOHE" failures="0" tests="4" name="verify_Functionality.Stock_Management" time="0.017" errors="0" timestamp="10 Jan 2024 14:40:07 GMT" skipped="0">
  <testcase classname="verify_Functionality.Stock_Management" name="add_stock" time="0.009"/>
  <testcase classname="verify_Functionality.Stock_Management" name="update_stock" time="0.001"/>
  <testcase classname="verify_Functionality.Stock_Management" name="delete_Stock" time="0.006"/>
  <testcase classname="verify_Functionality.Stock_Management" name="verify_stock" time="0.001"/>
</testsuite> <!-- verify_Functionality.Stock_Management -->
