<?xml version="1.0" encoding="UTF-8"?>
<!-- Generated by org.testng.reporters.JUnitReportReporter -->
<testsuite hostname="LAPTOP-J1D6NOHE" failures="0" tests="1" name="verify_Functionality.User_session" time="27.998" errors="0" timestamp="13 Jan 2024 04:54:37 GMT" skipped="0">
  <testcase classname="verify_Functionality.User_session" name="do_login" time="27.998"/>
</testsuite> <!-- verify_Functionality.User_session -->
