<?xml version="1.0" encoding="UTF-8"?>
<!-- Generated by org.testng.reporters.JUnitReportReporter -->
<testsuite hostname="LAPTOP-J1D6NOHE" failures="0" tests="2" name="verify_Functionality.User_session" time="14.976" errors="0" timestamp="11 Jan 2024 06:04:47 GMT" skipped="0">
  <testcase classname="verify_Functionality.User_session" name="do_login" time="14.973"/>
  <testcase classname="verify_Functionality.User_session" name="do_logout" time="0.003"/>
</testsuite> <!-- verify_Functionality.User_session -->
