<?xml version="1.0" encoding="UTF-8"?>
<!-- Generated by org.testng.reporters.JUnitReportReporter -->
<testsuite hostname="LAPTOP-J1D6NOHE" failures="0" tests="2" name="verify_Functionality.User_session" time="47.316" errors="0" timestamp="12 Jan 2024 04:10:48 GMT" skipped="0">
  <testcase classname="verify_Functionality.User_session" name="do_login" time="41.252"/>
  <testcase classname="verify_Functionality.User_session" name="do_logout" time="6.064"/>
</testsuite> <!-- verify_Functionality.User_session -->
