<?xml version="1.0" encoding="UTF-8"?>
<!-- Generated by org.testng.reporters.JUnitReportReporter -->
<testsuite hostname="LAPTOP-J1D6NOHE" failures="0" tests="1" name="verify_Functionality.Portfolio_Management" time="0.005" errors="0" timestamp="11 Jan 2024 05:55:09 GMT" skipped="0">
  <testcase classname="verify_Functionality.Portfolio_Management" name="create_portfolio" time="0.005"/>
</testsuite> <!-- verify_Functionality.Portfolio_Management -->
