<?xml version="1.0" encoding="UTF-8"?>
<!-- Generated by org.testng.reporters.JUnitReportReporter -->
<testsuite hostname="LAPTOP-J1D6NOHE" failures="0" tests="2" name="date_picker.IRCTC_DropDown" time="8.973" errors="0" timestamp="28 Dec 2023 02:23:50 GMT" skipped="0">
  <testcase classname="date_picker.IRCTC_DropDown" name="verify_dropdown" time="6.228"/>
  <testcase classname="date_picker.IRCTC_DropDown" name="verify_date" time="2.745"/>
</testsuite> <!-- date_picker.IRCTC_DropDown -->
