<?xml version="1.0" encoding="UTF-8"?>
<!-- Generated by org.testng.reporters.JUnitReportReporter -->
<testsuite hostname="LAPTOP-J1D6NOHE" failures="0" tests="1" name="testng.TNG_Script_001" time="18.252" errors="0" timestamp="24 Dec 2023 05:39:39 GMT" skipped="0">
  <testcase classname="testng.TNG_Script_001" name="Verify_SearchBox" time="18.252"/>
</testsuite> <!-- testng.TNG_Script_001 -->
