<?xml version="1.0" encoding="UTF-8"?>
<!-- Generated by org.testng.reporters.JUnitReportReporter -->
<testsuite hostname="LAPTOP-J1D6NOHE" failures="0" tests="6" name="testng.Depends_on_Methods_Parameter" time="0.016" errors="0" timestamp="24 Dec 2023 06:14:35 GMT" skipped="0">
  <testcase classname="testng.Depends_on_Methods_Parameter" name="b" time="0.001"/>
  <testcase classname="testng.Depends_on_Methods_Parameter" name="a" time="0.009"/>
  <testcase classname="testng.Depends_on_Methods_Parameter" name="d" time="0.002"/>
  <testcase classname="testng.Depends_on_Methods_Parameter" name="c" time="0.002"/>
  <testcase classname="testng.Depends_on_Methods_Parameter" name="e" time="0.001"/>
  <testcase classname="testng.Depends_on_Methods_Parameter" name="f" time="0.001"/>
</testsuite> <!-- testng.Depends_on_Methods_Parameter -->
