<?xml version="1.0" encoding="UTF-8"?>
<!-- Generated by org.testng.reporters.JUnitReportReporter -->
<testsuite hostname="LAPTOP-J1D6NOHE" failures="0" tests="1" name="testng.NewTest909" time="0.007" errors="0" timestamp="05 Dec 2023 17:39:56 GMT" skipped="0">
  <testcase classname="testng.NewTest909" name="f" time="0.007"/>
</testsuite> <!-- testng.NewTest909 -->
