<?xml version="1.0" encoding="UTF-8"?>
<!-- Generated by org.testng.reporters.JUnitReportReporter -->
<testsuite hostname="LAPTOP-J1D6NOHE" failures="0" tests="1" name="extentReport.Report_001" time="5.642" errors="0" timestamp="19 Dec 2023 03:32:17 GMT" skipped="0">
  <testcase classname="extentReport.Report_001" name="verify_Report" time="5.642"/>
</testsuite> <!-- extentReport.Report_001 -->
