<?xml version="1.0" encoding="UTF-8"?>
<!-- Generated by org.testng.reporters.JUnitReportReporter -->
<testsuite hostname="LAPTOP-J1D6NOHE" failures="0" tests="1" name="testng.TNG_004" time="0.002" errors="0" timestamp="12 Dec 2023 19:17:44 GMT" skipped="0">
  <testcase classname="testng.TNG_004" name="f" time="0.002"/>
</testsuite> <!-- testng.TNG_004 -->
