<?xml version="1.0" encoding="UTF-8"?>
<!-- Generated by org.testng.reporters.JUnitReportReporter -->
<testsuite hostname="LAPTOP-J1D6NOHE" failures="0" tests="3" name="date_picker.IRCTC" time="48.866" errors="0" timestamp="26 Dec 2023 11:52:52 GMT" skipped="0">
  <testcase classname="date_picker.IRCTC" name="verify_dropdown" time="6.192"/>
  <testcase classname="date_picker.IRCTC" name="verify_date_from_dropdown" time="1.663"/>
  <testcase classname="date_picker.IRCTC" name="verify_railyatri" time="41.011"/>
</testsuite> <!-- date_picker.IRCTC -->
