<?xml version="1.0" encoding="UTF-8"?>
<!-- Generated by org.testng.reporters.JUnitReportReporter -->
<testsuite hostname="LAPTOP-J1D6NOHE" failures="0" tests="1" name="testng.SoftAssert_001" time="0.974" errors="0" timestamp="18 Dec 2023 02:21:22 GMT" skipped="0">
  <testcase classname="testng.SoftAssert_001" name="Verify_url" time="0.974"/>
</testsuite> <!-- testng.SoftAssert_001 -->
