<?xml version="1.0" encoding="UTF-8"?>
<!-- Generated by org.testng.reporters.JUnitReportReporter -->
<testsuite hostname="LAPTOP-J1D6NOHE" failures="0" tests="4" name="extentReport.Report_002" time="19.150" errors="0" timestamp="20 Dec 2023 04:10:39 GMT" skipped="0">
  <testcase classname="extentReport.Report_002" name="Verify_Skill" time="4.303"/>
  <testcase classname="extentReport.Report_002" name="verify_dropdown" time="3.548"/>
  <testcase classname="extentReport.Report_002" name="click_dropdown" time="3.448"/>
  <testcase classname="extentReport.Report_002" name="click_Search_button" time="7.851"/>
</testsuite> <!-- extentReport.Report_002 -->
