<?xml version="1.0" encoding="UTF-8"?>
<!-- Generated by org.testng.reporters.JUnitReportReporter -->
<testsuite hostname="LAPTOP-J1D6NOHE" failures="0" tests="3" name="testng.TNG_SCript_003" time="1.171" errors="0" timestamp="14 Dec 2023 03:02:23 GMT" skipped="0">
  <testcase classname="testng.TNG_SCript_003" name="Verify_Mouse_Hover_002" time="0.539"/>
  <testcase classname="testng.TNG_SCript_003" name="Verify_Mouse_Hover_001" time="0.420"/>
  <testcase classname="testng.TNG_SCript_003" name="Verify_Mouse_Hover_003" time="0.212"/>
</testsuite> <!-- testng.TNG_SCript_003 -->
