<?xml version="1.0" encoding="UTF-8"?>
<!-- Generated by org.testng.reporters.JUnitReportReporter -->
<testsuite hostname="LAPTOP-J1D6NOHE" failures="0" tests="1" name="testng.NewTestPractice" time="0.011" errors="0" timestamp="13 Dec 2023 04:27:22 GMT" skipped="0">
  <testcase classname="testng.NewTestPractice" name="j" time="0.011"/>
</testsuite> <!-- testng.NewTestPractice -->
