<?xml version="1.0" encoding="UTF-8"?>
<!-- Generated by org.testng.reporters.JUnitReportReporter -->
<testsuite hostname="LAPTOP-J1D6NOHE" failures="0" tests="2" name="databaseTesting.MySQL" time="12.488" errors="0" timestamp="19 Dec 2023 02:34:36 GMT" skipped="0">
  <testcase classname="databaseTesting.MySQL" name="verify_database" time="1.602"/>
  <testcase classname="databaseTesting.MySQL" name="Verify_facebook_login" time="10.886"/>
</testsuite> <!-- databaseTesting.MySQL -->
