<?xml version="1.0" encoding="UTF-8"?>
<!-- Generated by org.testng.reporters.JUnitReportReporter -->
<testsuite hostname="LAPTOP-J1D6NOHE" failures="0" tests="5" name="testng.TNG_Script_004" time="16.615" errors="0" timestamp="24 Dec 2023 06:19:26 GMT" skipped="0">
  <testcase classname="testng.TNG_Script_004" name="Close_Login_PopUp" time="0.186"/>
  <testcase classname="testng.TNG_Script_004" name="Verify_Search_Box" time="6.708"/>
  <testcase classname="testng.TNG_Script_004" name="Click_on_Shirt" time="0.599"/>
  <testcase classname="testng.TNG_Script_004" name="Switch_ChildWindow" time="0.078"/>
  <testcase classname="testng.TNG_Script_004" name="Click_On_AddToCart" time="9.044"/>
</testsuite> <!-- testng.TNG_Script_004 -->
