<?xml version="1.0" encoding="UTF-8"?>
<!-- Generated by org.testng.reporters.JUnitReportReporter -->
<testsuite hostname="LAPTOP-J1D6NOHE" failures="0" tests="5" name="testng.Parameter" time="0.024" errors="0" timestamp="24 Dec 2023 05:56:44 GMT" skipped="1">
  <testcase classname="testng.Parameter" name="ab" time="0.017"/>
  <testcase classname="testng.Parameter" name="ab" time="0.004"/>
  <testcase classname="testng.Parameter" name="launch" time="0.002"/>
  <testcase classname="testng.Parameter" name="ef" time="0.001"/>
  <testcase classname="testng.Parameter" name="mn">
    <skipped/>
  </testcase> <!-- mn -->
</testsuite> <!-- testng.Parameter -->
