<?xml version="1.0" encoding="UTF-8"?>
<!-- Generated by org.testng.reporters.JUnitReportReporter -->
<testsuite hostname="LAPTOP-J1D6NOHE" failures="0" tests="3" name="testng.Group_Parameter" time="0.020" errors="0" timestamp="24 Dec 2023 06:07:41 GMT" skipped="0">
  <testcase classname="testng.Group_Parameter" name="train_01" time="0.016"/>
  <testcase classname="testng.Group_Parameter" name="train_03" time="0.002"/>
  <testcase classname="testng.Group_Parameter" name="train_02" time="0.002"/>
</testsuite> <!-- testng.Group_Parameter -->
