<?xml version="1.0" encoding="UTF-8"?>
<!-- Generated by org.testng.reporters.JUnitReportReporter -->
<testsuite hostname="LAPTOP-J1D6NOHE" failures="0" tests="1" name="testng.SoftAssert" time="0.190" errors="0" timestamp="15 Dec 2023 04:16:29 GMT" skipped="0">
  <testcase classname="testng.SoftAssert" name="Verify_url" time="0.190"/>
</testsuite> <!-- testng.SoftAssert -->
