<?xml version="1.0" encoding="UTF-8"?>
<!-- Generated by org.testng.reporters.JUnitReportReporter -->
<testsuite hostname="LAPTOP-J1D6NOHE" failures="0" tests="2" name="testng.HardAssert" time="5.946" errors="0" timestamp="15 Dec 2023 03:28:46 GMT" skipped="0">
  <testcase classname="testng.HardAssert" name="Close_Popup" time="3.733"/>
  <testcase classname="testng.HardAssert" name="click_on_link" time="2.213"/>
</testsuite> <!-- testng.HardAssert -->
