<?xml version="1.0" encoding="UTF-8"?>
<!-- Generated by org.testng.reporters.JUnitReportReporter -->
<testsuite hostname="LAPTOP-J1D6NOHE" failures="0" tests="1" name="file_upload.File_Upload_Using_Robot_class" time="18.972" errors="0" timestamp="29 Dec 2023 03:20:37 GMT" skipped="0">
  <testcase classname="file_upload.File_Upload_Using_Robot_class" name="verify_File_upload" time="18.972"/>
</testsuite> <!-- file_upload.File_Upload_Using_Robot_class -->
