<?xml version="1.0" encoding="UTF-8"?>
<!-- Generated by org.testng.reporters.JUnitReportReporter -->
<testsuite hostname="LAPTOP-J1D6NOHE" failures="0" tests="2" name="testng.Annotations" time="0.012" errors="0" timestamp="24 Dec 2023 05:44:09 GMT" skipped="0">
  <testcase classname="testng.Annotations" name="f" time="0.003"/>
  <testcase classname="testng.Annotations" name="e" time="0.009"/>
</testsuite> <!-- testng.Annotations -->
